<?xml version="1.0" encoding="UTF-8"?>
<!-- Generated by org.testng.reporters.JUnitReportReporter -->
<testsuite hostname="CIPL1593QA" failures="0" tests="1" name="pageObjects.TC_Accountreg" time="31.868" errors="0" timestamp="2024-08-20T13:16:41 IST" skipped="0">
  <testcase classname="pageObjects.TC_Accountreg" name="verifyaccountpafe" time="31.868"/>
</testsuite> <!-- pageObjects.TC_Accountreg -->
