<?xml version="1.0" encoding="UTF-8"?>
<!-- Generated by org.testng.reporters.JUnitReportReporter -->
<testsuite hostname="CIPL1593QA" failures="0" tests="1" name="testCases.LoginTestCase" time="1.862" errors="0" timestamp="2024-09-18T16:25:54 IST" skipped="0">
  <testcase classname="testCases.LoginTestCase" name="verifyloginpage" time="1.862"/>
</testsuite> <!-- testCases.LoginTestCase -->
